Fri Sep 14 2018 16:17:44 GMT+0530 (India Standard Time) : GET /
Fri Sep 14 2018 16:17:45 GMT+0530 (India Standard Time) : GET /
Fri Sep 14 2018 16:17:45 GMT+0530 (India Standard Time) : GET /
Fri Sep 14 2018 16:17:45 GMT+0530 (India Standard Time) : GET /
Fri Sep 14 2018 16:17:45 GMT+0530 (India Standard Time) : GET /
Fri Sep 14 2018 16:19:10 GMT+0530 (India Standard Time) : GET /
Fri Sep 14 2018 16:32:03 GMT+0530 (India Standard Time) : GET /
Fri Sep 14 2018 16:32:11 GMT+0530 (India Standard Time) : GET /
Fri Sep 14 2018 16:32:12 GMT+0530 (India Standard Time) : GET /
Fri Sep 14 2018 16:32:12 GMT+0530 (India Standard Time) : GET /
Fri Sep 14 2018 16:32:14 GMT+0530 (India Standard Time) : GET /about
Fri Sep 14 2018 16:32:15 GMT+0530 (India Standard Time) : GET /about
Fri Sep 14 2018 16:32:15 GMT+0530 (India Standard Time) : GET /about
Fri Sep 14 2018 16:33:31 GMT+0530 (India Standard Time) : GET /about
Fri Sep 14 2018 16:33:47 GMT+0530 (India Standard Time) : GET /about
Fri Sep 14 2018 16:39:50 GMT+0530 (India Standard Time) : GET /about
Fri Sep 14 2018 16:39:51 GMT+0530 (India Standard Time) : GET /about
Fri Sep 14 2018 16:40:49 GMT+0530 (India Standard Time) : GET /about
Fri Sep 14 2018 16:40:50 GMT+0530 (India Standard Time) : GET /about
Fri Sep 14 2018 16:40:51 GMT+0530 (India Standard Time) : GET /about
Fri Sep 14 2018 16:40:51 GMT+0530 (India Standard Time) : GET /about
Fri Sep 14 2018 16:40:52 GMT+0530 (India Standard Time) : GET /about
Fri Sep 14 2018 16:40:52 GMT+0530 (India Standard Time) : GET /about
Fri Sep 14 2018 16:40:53 GMT+0530 (India Standard Time) : GET /about
Fri Sep 14 2018 16:41:10 GMT+0530 (India Standard Time) : GET /about
Fri Sep 14 2018 16:41:11 GMT+0530 (India Standard Time) : GET /about
Fri Sep 14 2018 16:41:12 GMT+0530 (India Standard Time) : GET /about
Fri Sep 14 2018 16:41:13 GMT+0530 (India Standard Time) : GET /about
Fri Sep 14 2018 16:41:13 GMT+0530 (India Standard Time) : GET /about
Fri Sep 14 2018 16:41:13 GMT+0530 (India Standard Time) : GET /about
Fri Sep 14 2018 16:41:14 GMT+0530 (India Standard Time) : GET /about
Fri Sep 14 2018 16:41:26 GMT+0530 (India Standard Time) : GET /
Fri Sep 14 2018 16:41:52 GMT+0530 (India Standard Time) : GET /about
Fri Sep 14 2018 16:43:52 GMT+0530 (India Standard Time) : GET /about
Fri Sep 14 2018 16:45:21 GMT+0530 (India Standard Time) : GET /
Fri Sep 14 2018 16:46:51 GMT+0530 (India Standard Time) : GET /
Fri Sep 14 2018 16:46:55 GMT+0530 (India Standard Time) : GET /
Fri Sep 14 2018 16:47:09 GMT+0530 (India Standard Time) : GET /about
Sat Sep 15 2018 12:31:13 GMT+0530 (India Standard Time) : GET /
Sat Sep 15 2018 12:32:52 GMT+0530 (India Standard Time) : GET /
Sat Sep 15 2018 12:34:11 GMT+0530 (India Standard Time) : GET /
Sat Sep 15 2018 12:34:11 GMT+0530 (India Standard Time) : GET /favicon.ico
Sat Sep 15 2018 12:34:17 GMT+0530 (India Standard Time) : GET /about
Sat Sep 15 2018 12:34:20 GMT+0530 (India Standard Time) : GET /
Sat Sep 15 2018 12:34:21 GMT+0530 (India Standard Time) : GET /about
Sat Sep 15 2018 12:36:05 GMT+0530 (India Standard Time) : GET /
Sat Sep 15 2018 12:36:06 GMT+0530 (India Standard Time) : GET /
Sat Sep 15 2018 12:36:06 GMT+0530 (India Standard Time) : GET /about
Sat Sep 15 2018 12:36:08 GMT+0530 (India Standard Time) : GET /
Sat Sep 15 2018 12:36:09 GMT+0530 (India Standard Time) : GET /about
Mon Sep 17 2018 10:05:25 GMT+0530 (India Standard Time) : GET /
Mon Sep 17 2018 10:05:26 GMT+0530 (India Standard Time) : GET /favicon.ico
